{"level":"error","message":"something happened, {}"}
{"level":"error","message":"something happened, {}"}
{"level":"error","message":"something happened, {}"}
{"level":"error","message":"something happened, {}"}
{"level":"info","message":"Server is listening on port 3000"}
{"level":"info","message":"Processing a GET on /api/library"}
{"level":"info","message":"LIBRARY ROUTER: responding with 200 status code"}
{"level":"info","message":"LIBRARY ROUTER: []"}
{"level":"info","message":"Processing a OPTIONS on /api/library"}
{"level":"info","message":"Processing a OPTIONS on /api/library"}
{"level":"info","message":"Processing a GET on /api/library"}
{"level":"info","message":"LIBRARY ROUTER: responding with 200 status code"}
{"level":"info","message":"LIBRARY ROUTER: []"}
{"level":"info","message":"Processing a OPTIONS on /api/library"}
{"level":"info","message":"Processing a GET on /api/library"}
{"level":"info","message":"LIBRARY ROUTER: responding with 200 status code"}
{"level":"info","message":"LIBRARY ROUTER: []"}
{"level":"info","message":"Processing a OPTIONS on /api/library"}
{"level":"info","message":"Processing a POST on /api/library"}
{"level":"info","message":"Processing a OPTIONS on /api/library/5b200206c635669d6f3c7093"}
{"level":"info","message":"Processing a PUT on /api/library/5b200206c635669d6f3c7093"}
{"level":"info","message":"PUT - responding with 200 status code"}
{"level":"info","message":"Processing a OPTIONS on /api/library"}
{"level":"info","message":"Processing a POST on /api/library"}
{"level":"error","message":"LIBRARY-ROUTER: Responding with 400 error code"}
{"level":"error","message":"__ERROR_MIDDLEWARE__"}
{"message":"Library Name is required","level":"error"}
{"level":"info","message":"ERROR MIDDLEWARE: Responding with a 400 code and message Library Name is required"}
{"level":"info","message":"Processing a OPTIONS on /api/library"}
{"level":"info","message":"Processing a POST on /api/library"}
{"level":"error","message":"__ERROR_MIDDLEWARE__"}
{"name":"MongoError","message":"E11000 duplicate key error collection: testing.libraries index: founder_1 dup key: { : null }","driver":true,"index":0,"code":11000,"errmsg":"E11000 duplicate key error collection: testing.libraries index: founder_1 dup key: { : null }","level":"error"}
{"level":"info","message":"ERROR MIDDLEWARE: Responding with a 409 code"}
{"level":"info","message":"Processing a OPTIONS on /api/library"}
{"level":"info","message":"Processing a POST on /api/library"}
{"level":"error","message":"__ERROR_MIDDLEWARE__"}
{"name":"MongoError","message":"E11000 duplicate key error collection: testing.libraries index: founder_1 dup key: { : null }","driver":true,"index":0,"code":11000,"errmsg":"E11000 duplicate key error collection: testing.libraries index: founder_1 dup key: { : null }","level":"error"}
{"level":"info","message":"ERROR MIDDLEWARE: Responding with a 409 code"}
{"level":"info","message":"Processing a GET on /api/library"}
{"level":"info","message":"LIBRARY ROUTER: responding with 200 status code"}
{"level":"info","message":"LIBRARY ROUTER: [{\"books\":[],\"_id\":\"5b200206c635669d6f3c7093\",\"name\":\"dog\",\"__v\":0}]"}
{"level":"info","message":"Processing a GET on /api/library"}
{"level":"info","message":"LIBRARY ROUTER: responding with 200 status code"}
{"level":"info","message":"LIBRARY ROUTER: [{\"books\":[],\"_id\":\"5b200206c635669d6f3c7093\",\"name\":\"dog\",\"__v\":0}]"}
{"level":"info","message":"Processing a GET on /api/library"}
{"level":"info","message":"LIBRARY ROUTER: responding with 200 status code"}
{"level":"info","message":"LIBRARY ROUTER: [{\"books\":[],\"_id\":\"5b200206c635669d6f3c7093\",\"name\":\"dog\",\"__v\":0}]"}
{"level":"info","message":"Processing a OPTIONS on /api/library"}
{"level":"info","message":"Processing a GET on /api/library"}
{"level":"info","message":"LIBRARY ROUTER: responding with 200 status code"}
{"level":"info","message":"LIBRARY ROUTER: [{\"books\":[],\"_id\":\"5b200206c635669d6f3c7093\",\"name\":\"dog\",\"__v\":0}]"}
{"level":"info","message":"Processing a GET on /api/library"}
{"level":"info","message":"LIBRARY ROUTER: responding with 200 status code"}
{"level":"info","message":"LIBRARY ROUTER: [{\"books\":[],\"_id\":\"5b200206c635669d6f3c7093\",\"name\":\"dog\",\"__v\":0}]"}
{"level":"info","message":"Processing a GET on /api/library"}
{"level":"info","message":"LIBRARY ROUTER: responding with 200 status code"}
{"level":"info","message":"LIBRARY ROUTER: [{\"books\":[],\"_id\":\"5b200206c635669d6f3c7093\",\"name\":\"dog\",\"__v\":0}]"}
{"level":"info","message":"Processing a GET on /api/library"}
{"level":"info","message":"LIBRARY ROUTER: responding with 200 status code"}
{"level":"info","message":"LIBRARY ROUTER: [{\"books\":[],\"_id\":\"5b200206c635669d6f3c7093\",\"name\":\"dog\",\"__v\":0}]"}
{"level":"info","message":"Processing a GET on /api/library"}
{"level":"info","message":"LIBRARY ROUTER: responding with 200 status code"}
{"level":"info","message":"LIBRARY ROUTER: [{\"books\":[],\"_id\":\"5b200206c635669d6f3c7093\",\"name\":\"dog\",\"__v\":0}]"}
{"level":"info","message":"Processing a GET on /api/library"}
{"level":"info","message":"LIBRARY ROUTER: responding with 200 status code"}
{"level":"info","message":"LIBRARY ROUTER: [{\"books\":[],\"_id\":\"5b200206c635669d6f3c7093\",\"name\":\"dog\",\"__v\":0}]"}
{"level":"info","message":"Processing a OPTIONS on /api/library"}
{"level":"info","message":"Processing a POST on /api/library"}
{"level":"error","message":"__ERROR_MIDDLEWARE__"}
{"name":"MongoError","message":"E11000 duplicate key error collection: testing.libraries index: founder_1 dup key: { : null }","driver":true,"index":0,"code":11000,"errmsg":"E11000 duplicate key error collection: testing.libraries index: founder_1 dup key: { : null }","level":"error"}
{"level":"info","message":"ERROR MIDDLEWARE: Responding with a 409 code"}
{"level":"info","message":"Processing a OPTIONS on /api/library"}
{"level":"info","message":"Processing a POST on /api/library"}
{"level":"error","message":"LIBRARY-ROUTER: Responding with 400 error code"}
{"level":"error","message":"__ERROR_MIDDLEWARE__"}
{"message":"Library Name is required","level":"error"}
{"level":"info","message":"ERROR MIDDLEWARE: Responding with a 400 code and message Library Name is required"}
{"level":"info","message":"Processing a GET on /api/library"}
{"level":"info","message":"LIBRARY ROUTER: responding with 200 status code"}
{"level":"info","message":"LIBRARY ROUTER: [{\"books\":[],\"_id\":\"5b200206c635669d6f3c7093\",\"name\":\"dog\",\"__v\":0}]"}
{"level":"info","message":"Processing a OPTIONS on /api/library"}
{"level":"info","message":"Processing a POST on /api/library"}
{"level":"error","message":"__ERROR_MIDDLEWARE__"}
{"name":"MongoError","message":"E11000 duplicate key error collection: testing.libraries index: founder_1 dup key: { : null }","driver":true,"index":0,"code":11000,"errmsg":"E11000 duplicate key error collection: testing.libraries index: founder_1 dup key: { : null }","level":"error"}
{"level":"info","message":"ERROR MIDDLEWARE: Responding with a 409 code"}
{"level":"info","message":"Processing a GET on /api/library"}
{"level":"info","message":"LIBRARY ROUTER: responding with 200 status code"}
{"level":"info","message":"LIBRARY ROUTER: [{\"books\":[],\"_id\":\"5b200206c635669d6f3c7093\",\"name\":\"dog\",\"__v\":0}]"}
{"level":"info","message":"Processing a OPTIONS on /api/library"}
{"level":"info","message":"Processing a POST on /api/library"}
{"level":"error","message":"__ERROR_MIDDLEWARE__"}
{"name":"MongoError","message":"E11000 duplicate key error collection: testing.libraries index: founder_1 dup key: { : null }","driver":true,"index":0,"code":11000,"errmsg":"E11000 duplicate key error collection: testing.libraries index: founder_1 dup key: { : null }","level":"error"}
{"level":"info","message":"ERROR MIDDLEWARE: Responding with a 409 code"}
{"level":"info","message":"Processing a GET on /api/library"}
{"level":"info","message":"LIBRARY ROUTER: responding with 200 status code"}
{"level":"info","message":"LIBRARY ROUTER: [{\"books\":[],\"_id\":\"5b200206c635669d6f3c7093\",\"name\":\"dog\",\"__v\":0}]"}
{"level":"info","message":"Processing a OPTIONS on /api/library"}
{"level":"info","message":"Processing a POST on /api/library"}
{"level":"error","message":"__ERROR_MIDDLEWARE__"}
{"name":"MongoError","message":"E11000 duplicate key error collection: testing.libraries index: founder_1 dup key: { : null }","driver":true,"index":0,"code":11000,"errmsg":"E11000 duplicate key error collection: testing.libraries index: founder_1 dup key: { : null }","level":"error"}
{"level":"info","message":"ERROR MIDDLEWARE: Responding with a 409 code"}
{"level":"info","message":"Server is listening on port 3000"}
{"level":"info","message":"Processing a GET on /api/library"}
{"level":"info","message":"LIBRARY ROUTER: responding with 200 status code"}
{"level":"info","message":"LIBRARY ROUTER: []"}
{"level":"info","message":"Processing a OPTIONS on /api/library"}
{"level":"info","message":"Processing a POST on /api/library"}
{"level":"info","message":"Processing a POST on /api/library"}
{"level":"info","message":"Processing a OPTIONS on /api/library"}
{"level":"info","message":"Processing a POST on /api/library"}
{"level":"info","message":"Processing a OPTIONS on /api/library/5b2006cc13cad3a103912278"}
{"level":"info","message":"Processing a DELETE on /api/library/5b2006cc13cad3a103912278"}
{"level":"info","message":"LIBRARY ROUTER: responding with 204 status code"}
{"level":"info","message":"Processing a OPTIONS on /api/library/5b2006c313cad3a103912277"}
{"level":"info","message":"Processing a DELETE on /api/library/5b2006c313cad3a103912277"}
{"level":"info","message":"LIBRARY ROUTER: responding with 204 status code"}
{"level":"info","message":"Processing a OPTIONS on /api/library/5b2006be13cad3a103912276"}
{"level":"info","message":"Processing a DELETE on /api/library/5b2006be13cad3a103912276"}
{"level":"info","message":"LIBRARY ROUTER: responding with 204 status code"}
